<?xml version='1.0'?>
<ns2:test-suite xmlns:ns2='urn:model.allure.qatools.yandex.ru' start='1655734882971' stop='1655734906493'>
    <name>Flights Reservation Module</name>
    <title>Flights Reservation Module</title>
    <test-cases>
        <test-case start='1655734882972' status='passed' stop='1655734906433'>
            <name>Verify the demo button will move to the demo page</name>
            <title>Verify the demo button will move to the demo page</title>
            <labels/>
            <parameters/>
            <steps/>
            <attachments/>
        </test-case>
        <test-case start='1655734906433' status='pending' stop='1655734906433'>
            <name>Verify if the url is correctly displayed</name>
            <title>Verify if the url is correctly displayed</title>
            <labels/>
            <parameters/>
            <steps/>
            <attachments/>
            <failure>
                <message>This test was ignored</message>
                <stack-trace></stack-trace>
            </failure>
        </test-case>
        <test-case start='1655734906433' status='pending' stop='1655734906433'>
            <name>Verify if the header is displayed</name>
            <title>Verify if the header is displayed</title>
            <labels/>
            <parameters/>
            <steps/>
            <attachments/>
            <failure>
                <message>This test was ignored</message>
                <stack-trace></stack-trace>
            </failure>
        </test-case>
        <test-case start='1655734906433' status='pending' stop='1655734906434'>
            <name>Verify if the header title is displayed</name>
            <title>Verify if the header title is displayed</title>
            <labels/>
            <parameters/>
            <steps/>
            <attachments/>
            <failure>
                <message>This test was ignored</message>
                <stack-trace></stack-trace>
            </failure>
        </test-case>
        <test-case start='1655734906434' status='pending' stop='1655734906434'>
            <name>Verify the header title is correctly populated</name>
            <title>Verify the header title is correctly populated</title>
            <labels/>
            <parameters/>
            <steps/>
            <attachments/>
            <failure>
                <message>This test was ignored</message>
                <stack-trace></stack-trace>
            </failure>
        </test-case>
        <test-case start='1655734906434' status='pending' stop='1655734906434'>
            <name>Verify the header description is displayed</name>
            <title>Verify the header description is displayed</title>
            <labels/>
            <parameters/>
            <steps/>
            <attachments/>
            <failure>
                <message>This test was ignored</message>
                <stack-trace></stack-trace>
            </failure>
        </test-case>
        <test-case start='1655734906434' status='pending' stop='1655734906434'>
            <name>Verify the header description is correctly populated</name>
            <title>Verify the header description is correctly populated</title>
            <labels/>
            <parameters/>
            <steps/>
            <attachments/>
            <failure>
                <message>This test was ignored</message>
                <stack-trace></stack-trace>
            </failure>
        </test-case>
        <test-case start='1655734906434' status='pending' stop='1655734906434'>
            <name>Verify there are a total of 3 options</name>
            <title>Verify there are a total of 3 options</title>
            <labels/>
            <parameters/>
            <steps/>
            <attachments/>
            <failure>
                <message>This test was ignored</message>
                <stack-trace></stack-trace>
            </failure>
        </test-case>
        <test-case start='1655734906434' status='pending' stop='1655734906435'>
            <name>Verify options 1 title is displayed</name>
            <title>Verify options 1 title is displayed</title>
            <labels/>
            <parameters/>
            <steps/>
            <attachments/>
            <failure>
                <message>This test was ignored</message>
                <stack-trace></stack-trace>
            </failure>
        </test-case>
        <test-case start='1655734906435' status='pending' stop='1655734906446'>
            <name>Verify options 1 title is displayed correctly</name>
            <title>Verify options 1 title is displayed correctly</title>
            <labels/>
            <parameters/>
            <steps/>
            <attachments/>
            <failure>
                <message>This test was ignored</message>
                <stack-trace></stack-trace>
            </failure>
        </test-case>
        <test-case start='1655734906446' status='pending' stop='1655734906446'>
            <name>Verify options 1 description is displayed</name>
            <title>Verify options 1 description is displayed</title>
            <labels/>
            <parameters/>
            <steps/>
            <attachments/>
            <failure>
                <message>This test was ignored</message>
                <stack-trace></stack-trace>
            </failure>
        </test-case>
        <test-case start='1655734906446' status='pending' stop='1655734906447'>
            <name>Verify options 1 description is correctly populated</name>
            <title>Verify options 1 description is correctly populated</title>
            <labels/>
            <parameters/>
            <steps/>
            <attachments/>
            <failure>
                <message>This test was ignored</message>
                <stack-trace></stack-trace>
            </failure>
        </test-case>
        <test-case start='1655734906447' status='pending' stop='1655734906447'>
            <name>Verify options 2 title is displayed</name>
            <title>Verify options 2 title is displayed</title>
            <labels/>
            <parameters/>
            <steps/>
            <attachments/>
            <failure>
                <message>This test was ignored</message>
                <stack-trace></stack-trace>
            </failure>
        </test-case>
        <test-case start='1655734906447' status='pending' stop='1655734906447'>
            <name>Verify options 2 title is displayed correctly</name>
            <title>Verify options 2 title is displayed correctly</title>
            <labels/>
            <parameters/>
            <steps/>
            <attachments/>
            <failure>
                <message>This test was ignored</message>
                <stack-trace></stack-trace>
            </failure>
        </test-case>
        <test-case start='1655734906447' status='pending' stop='1655734906447'>
            <name>Verify options 2 description is displayed</name>
            <title>Verify options 2 description is displayed</title>
            <labels/>
            <parameters/>
            <steps/>
            <attachments/>
            <failure>
                <message>This test was ignored</message>
                <stack-trace></stack-trace>
            </failure>
        </test-case>
        <test-case start='1655734906447' status='pending' stop='1655734906447'>
            <name>Verify options 2 description is correctly populated</name>
            <title>Verify options 2 description is correctly populated</title>
            <labels/>
            <parameters/>
            <steps/>
            <attachments/>
            <failure>
                <message>This test was ignored</message>
                <stack-trace></stack-trace>
            </failure>
        </test-case>
        <test-case start='1655734906447' status='pending' stop='1655734906447'>
            <name>Verify options 3 title is displayed</name>
            <title>Verify options 3 title is displayed</title>
            <labels/>
            <parameters/>
            <steps/>
            <attachments/>
            <failure>
                <message>This test was ignored</message>
                <stack-trace></stack-trace>
            </failure>
        </test-case>
        <test-case start='1655734906447' status='pending' stop='1655734906447'>
            <name>Verify options 3 title is displayed correctly</name>
            <title>Verify options 3 title is displayed correctly</title>
            <labels/>
            <parameters/>
            <steps/>
            <attachments/>
            <failure>
                <message>This test was ignored</message>
                <stack-trace></stack-trace>
            </failure>
        </test-case>
        <test-case start='1655734906447' status='pending' stop='1655734906447'>
            <name>Verify options 3 description is displayed</name>
            <title>Verify options 3 description is displayed</title>
            <labels/>
            <parameters/>
            <steps/>
            <attachments/>
            <failure>
                <message>This test was ignored</message>
                <stack-trace></stack-trace>
            </failure>
        </test-case>
        <test-case start='1655734906447' status='pending' stop='1655734906461'>
            <name>Verify options 3 description is displayed correctly</name>
            <title>Verify options 3 description is displayed correctly</title>
            <labels/>
            <parameters/>
            <steps/>
            <attachments/>
            <failure>
                <message>This test was ignored</message>
                <stack-trace></stack-trace>
            </failure>
        </test-case>
        <test-case start='1655734906461' status='pending' stop='1655734906461'>
            <name>Verify features is displayed</name>
            <title>Verify features is displayed</title>
            <labels/>
            <parameters/>
            <steps/>
            <attachments/>
            <failure>
                <message>This test was ignored</message>
                <stack-trace></stack-trace>
            </failure>
        </test-case>
        <test-case start='1655734906461' status='pending' stop='1655734906461'>
            <name>Verify features is correctly populated</name>
            <title>Verify features is correctly populated</title>
            <labels/>
            <parameters/>
            <steps/>
            <attachments/>
            <failure>
                <message>This test was ignored</message>
                <stack-trace></stack-trace>
            </failure>
        </test-case>
        <test-case start='1655734906461' status='pending' stop='1655734906462'>
            <name>Verify features title is displayed</name>
            <title>Verify features title is displayed</title>
            <labels/>
            <parameters/>
            <steps/>
            <attachments/>
            <failure>
                <message>This test was ignored</message>
                <stack-trace></stack-trace>
            </failure>
        </test-case>
        <test-case start='1655734906462' status='pending' stop='1655734906462'>
            <name>Verify features options is displayed</name>
            <title>Verify features options is displayed</title>
            <labels/>
            <parameters/>
            <steps/>
            <attachments/>
            <failure>
                <message>This test was ignored</message>
                <stack-trace></stack-trace>
            </failure>
        </test-case>
        <test-case start='1655734906462' status='pending' stop='1655734906462'>
            <name>Verify features options is displayed 3 options</name>
            <title>Verify features options is displayed 3 options</title>
            <labels/>
            <parameters/>
            <steps/>
            <attachments/>
            <failure>
                <message>This test was ignored</message>
                <stack-trace></stack-trace>
            </failure>
        </test-case>
        <test-case start='1655734906462' status='pending' stop='1655734906462'>
            <name>Verify features options one title is displayed</name>
            <title>Verify features options one title is displayed</title>
            <labels/>
            <parameters/>
            <steps/>
            <attachments/>
            <failure>
                <message>This test was ignored</message>
                <stack-trace></stack-trace>
            </failure>
        </test-case>
        <test-case start='1655734906462' status='pending' stop='1655734906462'>
            <name>Verify features options two title is displayed</name>
            <title>Verify features options two title is displayed</title>
            <labels/>
            <parameters/>
            <steps/>
            <attachments/>
            <failure>
                <message>This test was ignored</message>
                <stack-trace></stack-trace>
            </failure>
        </test-case>
        <test-case start='1655734906462' status='pending' stop='1655734906462'>
            <name>Verify features options three title is displayed</name>
            <title>Verify features options three title is displayed</title>
            <labels/>
            <parameters/>
            <steps/>
            <attachments/>
            <failure>
                <message>This test was ignored</message>
                <stack-trace></stack-trace>
            </failure>
        </test-case>
        <test-case start='1655734906462' status='pending' stop='1655734906462'>
            <name>Verify features options one title is displayed correctly</name>
            <title>Verify features options one title is displayed correctly</title>
            <labels/>
            <parameters/>
            <steps/>
            <attachments/>
            <failure>
                <message>This test was ignored</message>
                <stack-trace></stack-trace>
            </failure>
        </test-case>
        <test-case start='1655734906462' status='pending' stop='1655734906477'>
            <name>Verify features options two title is displayed correctly</name>
            <title>Verify features options two title is displayed correctly</title>
            <labels/>
            <parameters/>
            <steps/>
            <attachments/>
            <failure>
                <message>This test was ignored</message>
                <stack-trace></stack-trace>
            </failure>
        </test-case>
        <test-case start='1655734906477' status='pending' stop='1655734906477'>
            <name>Verify features options three title is displayed correctly</name>
            <title>Verify features options three title is displayed correctly</title>
            <labels/>
            <parameters/>
            <steps/>
            <attachments/>
            <failure>
                <message>This test was ignored</message>
                <stack-trace></stack-trace>
            </failure>
        </test-case>
        <test-case start='1655734906477' status='pending' stop='1655734906477'>
            <name>Verify features options one description is displayed</name>
            <title>Verify features options one description is displayed</title>
            <labels/>
            <parameters/>
            <steps/>
            <attachments/>
            <failure>
                <message>This test was ignored</message>
                <stack-trace></stack-trace>
            </failure>
        </test-case>
        <test-case start='1655734906477' status='pending' stop='1655734906477'>
            <name>Verify features options two description is displayed</name>
            <title>Verify features options two description is displayed</title>
            <labels/>
            <parameters/>
            <steps/>
            <attachments/>
            <failure>
                <message>This test was ignored</message>
                <stack-trace></stack-trace>
            </failure>
        </test-case>
        <test-case start='1655734906477' status='pending' stop='1655734906478'>
            <name>Verify features options three description is displayed</name>
            <title>Verify features options three description is displayed</title>
            <labels/>
            <parameters/>
            <steps/>
            <attachments/>
            <failure>
                <message>This test was ignored</message>
                <stack-trace></stack-trace>
            </failure>
        </test-case>
        <test-case start='1655734906478' status='pending' stop='1655734906478'>
            <name>Verify features options one description is correctly displayed</name>
            <title>Verify features options one description is correctly displayed</title>
            <labels/>
            <parameters/>
            <steps/>
            <attachments/>
            <failure>
                <message>This test was ignored</message>
                <stack-trace></stack-trace>
            </failure>
        </test-case>
        <test-case start='1655734906478' status='pending' stop='1655734906478'>
            <name>Verify features options two description is correctly displayed</name>
            <title>Verify features options two description is correctly displayed</title>
            <labels/>
            <parameters/>
            <steps/>
            <attachments/>
            <failure>
                <message>This test was ignored</message>
                <stack-trace></stack-trace>
            </failure>
        </test-case>
        <test-case start='1655734906478' status='pending' stop='1655734906478'>
            <name>Verify features options three description is correctly displayed</name>
            <title>Verify features options three description is correctly displayed</title>
            <labels/>
            <parameters/>
            <steps/>
            <attachments/>
            <failure>
                <message>This test was ignored</message>
                <stack-trace></stack-trace>
            </failure>
        </test-case>
        <test-case start='1655734906478' status='pending' stop='1655734906478'>
            <name>Verify booking system is displayed</name>
            <title>Verify booking system is displayed</title>
            <labels/>
            <parameters/>
            <steps/>
            <attachments/>
            <failure>
                <message>This test was ignored</message>
                <stack-trace></stack-trace>
            </failure>
        </test-case>
        <test-case start='1655734906478' status='pending' stop='1655734906478'>
            <name>Verify booking system is populated correctly</name>
            <title>Verify booking system is populated correctly</title>
            <labels/>
            <parameters/>
            <steps/>
            <attachments/>
            <failure>
                <message>This test was ignored</message>
                <stack-trace></stack-trace>
            </failure>
        </test-case>
        <test-case start='1655734906478' status='pending' stop='1655734906492'>
            <name>Verify booking system description is displayed</name>
            <title>Verify booking system description is displayed</title>
            <labels/>
            <parameters/>
            <steps/>
            <attachments/>
            <failure>
                <message>This test was ignored</message>
                <stack-trace></stack-trace>
            </failure>
        </test-case>
        <test-case start='1655734906492' status='pending' stop='1655734906492'>
            <name>Verify the demo button is displayed</name>
            <title>Verify the demo button is displayed</title>
            <labels/>
            <parameters/>
            <steps/>
            <attachments/>
            <failure>
                <message>This test was ignored</message>
                <stack-trace></stack-trace>
            </failure>
        </test-case>
    </test-cases>
</ns2:test-suite>